
Friday, October 21, 2022 6:22:56 PM

Application Base Name: DRU
Repository Name: ElCoolio.github.io
User Name: ElCoolio
Repository Branch: master
Destination Folder: C:/temp
Desintation Zip File: C:/temp/ElCoolio-ElCoolio.github.io.zip
Repository Zip File URL: https://github.com/ElCoolio/ElCoolio.github.io/archive/refs/heads/master.zip

Downloading: https://github.com/ElCoolio/ElCoolio.github.io/archive/refs/heads/master.zip
Download completed.

Destination Folder: "C:/temp"

Zip file contents listed in this temp file: "DRU_Archive_List_20221021182258.tmp"
First line in temp file: "2022-10-18 17:23:53 D....            0            0  ElCoolio.github.io-main"
Zip file top folder name: "ElCoolio.github.io-main"

Renaming top level folder in archive: C:/temp/ElCoolio-ElCoolio.github.io.zip
From: "ElCoolio.github.io-main"
To: "ElCoolio-ElCoolio.github.io-main"

7-Zip 19.00 (x64) : Copyright (c) 1999-2018 Igor Pavlov : 2019-02-21

Open archive: C:/temp/ElCoolio-ElCoolio.github.io.zip
--
Path = C:/temp/ElCoolio-ElCoolio.github.io.zip
Type = zip
Physical Size = 4569442
Comment = 88a1fa1f190d60eaa78c31c69ee2928dd991ec86

Updating archive: C:/temp/ElCoolio-ElCoolio.github.io.zip

Keep old data in archive: 5 folders, 15 files, 4791662 bytes (4680 KiB)
Add new data to archive: 0 files, 0 bytes


Files read from disk: 0
Archive size: 4569442 bytes (4463 KiB)
Everything is Ok

Unziping archive: "C:/temp/ElCoolio-ElCoolio.github.io.zip"
To folder: "C:/temp"

7-Zip 19.00 (x64) : Copyright (c) 1999-2018 Igor Pavlov : 2019-02-21

Scanning the drive for archives:
1 file, 4569442 bytes (4463 KiB)

Extracting archive: C:\temp\ElCoolio-ElCoolio.github.io.zip
--
Path = C:\temp\ElCoolio-ElCoolio.github.io.zip
Type = zip
Physical Size = 4569442
Comment = 88a1fa1f190d60eaa78c31c69ee2928dd991ec86

Everything is Ok

Folders: 5
Files: 15
Size:       4791662
Compressed: 4569442
Unzip completed.

Deleting zip file: C:/temp/ElCoolio-ElCoolio.github.io.zip. . .
Zip file deleted.

Deleting zip file content list: C:/temp/DRU_Archive_List_20221021182258.tmp. . .
Zip file content list deleted.

Opening unzipped top level repository. . .

DRU done! :)


